
I, [2019-05-19T22:57:55.496924 #8592]  INFO -- : Bakery -- Start processing
I, [2019-05-19T22:57:55.497847 #8592]  INFO -- : Bakery -- Processing order №1...
I, [2019-05-19T22:57:55.502971 #8592]  INFO -- : Bakery -- Processing order №2...
I, [2019-05-19T22:57:55.509194 #8592]  INFO -- : Bakery -- Processing order №3...
I, [2019-05-19T22:57:55.514306 #8592]  INFO -- : Bakery -- Processing order №4...
I, [2019-05-19T22:57:55.516613 #8592]  INFO -- : Bakery -- Processing order №5...
I, [2019-05-19T22:57:55.525150 #8592]  INFO -- : Bakery -- Processing order №6...
I, [2019-05-19T22:57:55.526491 #8592]  INFO -- : Bakery -- Error at order №6: perhaps no specified product ID
I, [2019-05-19T22:57:55.528126 #8592]  INFO -- : Bakery -- End processing
I, [2019-05-19T23:01:44.519420 #1720]  INFO -- : Bakery -- Start processing
I, [2019-05-19T23:01:44.519891 #1720]  INFO -- : Bakery -- Processing order №1...
I, [2019-05-19T23:01:44.524338 #1720]  INFO -- : Bakery -- Order №1 has been processed successfully!
I, [2019-05-19T23:01:44.525271 #1720]  INFO -- : Bakery -- Processing order №2...
I, [2019-05-19T23:01:44.528731 #1720]  INFO -- : Bakery -- Order №2 has been processed successfully!
I, [2019-05-19T23:01:44.531897 #1720]  INFO -- : Bakery -- Processing order №3...
I, [2019-05-19T23:01:44.535391 #1720]  INFO -- : Bakery -- Order №3 has been processed successfully!
I, [2019-05-19T23:01:44.536330 #1720]  INFO -- : Bakery -- Processing order №4...
I, [2019-05-19T23:01:44.538019 #1720]  INFO -- : Bakery -- Order №4 has been processed successfully!
I, [2019-05-19T23:01:44.538896 #1720]  INFO -- : Bakery -- Processing order №5...
I, [2019-05-19T23:01:44.546712 #1720]  INFO -- : Bakery -- Order №5 has been processed successfully!
I, [2019-05-19T23:01:44.547925 #1720]  INFO -- : Bakery -- Processing order №6...
I, [2019-05-19T23:01:44.548966 #1720]  INFO -- : Bakery -- Error at order №6: perhaps no specified product ID
I, [2019-05-19T23:01:44.549985 #1720]  INFO -- : Bakery -- End processing
I, [2019-05-19T23:14:49.223260 #10736]  INFO -- : Bakery -- Start processing
I, [2019-05-19T23:14:49.223996 #10736]  INFO -- : Bakery -- Processing order №1...
I, [2019-05-19T23:14:49.228379 #10736]  INFO -- : Bakery -- Order №1 has been processed successfully!
I, [2019-05-19T23:14:49.229397 #10736]  INFO -- : Bakery -- Processing order №2...
I, [2019-05-19T23:14:49.234787 #10736]  INFO -- : Bakery -- Order №2 has been processed successfully!
I, [2019-05-19T23:14:49.235863 #10736]  INFO -- : Bakery -- Processing order №3...
I, [2019-05-19T23:14:49.239863 #10736]  INFO -- : Bakery -- Order №3 has been processed successfully!
I, [2019-05-19T23:14:49.240843 #10736]  INFO -- : Bakery -- Processing order №4...
I, [2019-05-19T23:14:49.242658 #10736]  INFO -- : Bakery -- Order №4 has been processed successfully!
I, [2019-05-19T23:14:49.245094 #10736]  INFO -- : Bakery -- Processing order №5...
I, [2019-05-19T23:14:49.255047 #10736]  INFO -- : Bakery -- Order №5 has been processed successfully!
I, [2019-05-19T23:14:49.257114 #10736]  INFO -- : Bakery -- Processing order №6...
I, [2019-05-19T23:14:49.258182 #10736]  INFO -- : Bakery -- Error at order №6: perhaps no specified product ID
I, [2019-05-19T23:14:49.259195 #10736]  INFO -- : Bakery -- Processing order №7...
I, [2019-05-19T23:14:49.261153 #10736]  INFO -- : Bakery -- Order №7 has been processed successfully!
I, [2019-05-19T23:14:49.263299 #10736]  INFO -- : Bakery -- End processing
I, [2019-05-19T23:15:18.135873 #6640]  INFO -- : Bakery -- Start processing
I, [2019-05-19T23:15:18.136539 #6640]  INFO -- : Bakery -- Processing order №1...
I, [2019-05-19T23:15:18.140976 #6640]  INFO -- : Bakery -- Order №1 has been processed successfully!
I, [2019-05-19T23:15:18.142077 #6640]  INFO -- : Bakery -- Processing order №2...
I, [2019-05-19T23:15:18.147323 #6640]  INFO -- : Bakery -- Order №2 has been processed successfully!
I, [2019-05-19T23:15:18.148369 #6640]  INFO -- : Bakery -- Processing order №3...
I, [2019-05-19T23:15:18.152765 #6640]  INFO -- : Bakery -- Order №3 has been processed successfully!
I, [2019-05-19T23:15:18.153702 #6640]  INFO -- : Bakery -- Processing order №4...
I, [2019-05-19T23:15:18.156969 #6640]  INFO -- : Bakery -- Order №4 has been processed successfully!
I, [2019-05-19T23:15:18.158055 #6640]  INFO -- : Bakery -- Processing order №5...
I, [2019-05-19T23:15:18.165043 #6640]  INFO -- : Bakery -- Order №5 has been processed successfully!
I, [2019-05-19T23:15:18.167161 #6640]  INFO -- : Bakery -- Processing order №6...
I, [2019-05-19T23:15:18.168200 #6640]  INFO -- : Bakery -- Error at order №6: perhaps no specified product ID
I, [2019-05-19T23:15:18.169918 #6640]  INFO -- : Bakery -- Processing order №7...
I, [2019-05-19T23:15:18.172233 #6640]  INFO -- : Bakery -- Order №7 has been processed successfully!
I, [2019-05-19T23:15:18.173374 #6640]  INFO -- : Bakery -- Processing order №8...
I, [2019-05-19T23:17:55.380009 #9772]  INFO -- : Bakery -- Start processing
I, [2019-05-19T23:17:55.380700 #9772]  INFO -- : Bakery -- Processing order №1...
I, [2019-05-19T23:20:40.714431 #7424]  INFO -- : Bakery -- Start processing
I, [2019-05-19T23:20:40.715304 #7424]  INFO -- : Bakery -- Processing order №1...
I, [2019-05-19T23:21:15.352647 #8720]  INFO -- : Bakery -- Start processing
I, [2019-05-19T23:21:15.353353 #8720]  INFO -- : Bakery -- Processing order №1...
I, [2019-05-19T23:21:18.968329 #11020]  INFO -- : Bakery -- Start processing
I, [2019-05-19T23:21:18.969021 #11020]  INFO -- : Bakery -- Processing order №1...
I, [2019-05-19T23:21:18.970984 #11020]  INFO -- : Bakery -- Error at order №1: perhaps wrong amount data
I, [2019-05-19T23:21:18.972840 #11020]  INFO -- : Bakery -- Processing order №2...
I, [2019-05-19T23:21:18.974043 #11020]  INFO -- : Bakery -- Error at order №2: perhaps wrong amount data
I, [2019-05-19T23:21:18.975067 #11020]  INFO -- : Bakery -- Processing order №3...
I, [2019-05-19T23:21:18.976344 #11020]  INFO -- : Bakery -- Error at order №3: perhaps wrong amount data
I, [2019-05-19T23:21:18.977445 #11020]  INFO -- : Bakery -- Processing order №4...
I, [2019-05-19T23:21:18.978409 #11020]  INFO -- : Bakery -- Error at order №4: perhaps wrong amount data
I, [2019-05-19T23:21:18.980943 #11020]  INFO -- : Bakery -- Processing order №5...
I, [2019-05-19T23:21:18.982110 #11020]  INFO -- : Bakery -- Error at order №5: perhaps wrong amount data
I, [2019-05-19T23:21:18.983655 #11020]  INFO -- : Bakery -- Processing order №6...
I, [2019-05-19T23:21:18.984714 #11020]  INFO -- : Bakery -- Error at order №6: perhaps wrong amount data
I, [2019-05-19T23:21:18.985800 #11020]  INFO -- : Bakery -- Processing order №7...
I, [2019-05-19T23:21:18.986858 #11020]  INFO -- : Bakery -- Error at order №7: perhaps wrong amount data
I, [2019-05-19T23:21:18.987863 #11020]  INFO -- : Bakery -- Processing order №8...
I, [2019-05-19T23:21:18.988846 #11020]  INFO -- : Bakery -- Error at order №8: perhaps wrong amount data
I, [2019-05-19T23:21:18.991394 #11020]  INFO -- : Bakery -- End processing
I, [2019-05-19T23:22:33.241465 #10308]  INFO -- : Bakery -- Start processing
I, [2019-05-19T23:22:33.242165 #10308]  INFO -- : Bakery -- Processing order №1...
I, [2019-05-19T23:22:33.244249 #10308]  INFO -- : Bakery -- Error at order №1: perhaps wrong amount data
I, [2019-05-19T23:22:33.245989 #10308]  INFO -- : Bakery -- Processing order №2...
I, [2019-05-19T23:22:33.247115 #10308]  INFO -- : Bakery -- Error at order №2: perhaps wrong amount data
I, [2019-05-19T23:22:33.248242 #10308]  INFO -- : Bakery -- Processing order №3...
I, [2019-05-19T23:22:33.249234 #10308]  INFO -- : Bakery -- Error at order №3: perhaps wrong amount data
I, [2019-05-19T23:22:33.250274 #10308]  INFO -- : Bakery -- Processing order №4...
I, [2019-05-19T23:22:33.251308 #10308]  INFO -- : Bakery -- Error at order №4: perhaps wrong amount data
I, [2019-05-19T23:22:33.253659 #10308]  INFO -- : Bakery -- Processing order №5...
I, [2019-05-19T23:22:33.254776 #10308]  INFO -- : Bakery -- Error at order №5: perhaps wrong amount data
I, [2019-05-19T23:22:33.256399 #10308]  INFO -- : Bakery -- Processing order №6...
I, [2019-05-19T23:22:33.257389 #10308]  INFO -- : Bakery -- Error at order №6: perhaps wrong amount data
I, [2019-05-19T23:22:33.258462 #10308]  INFO -- : Bakery -- Processing order №7...
I, [2019-05-19T23:22:33.259433 #10308]  INFO -- : Bakery -- Error at order №7: perhaps wrong amount data
I, [2019-05-19T23:22:33.260446 #10308]  INFO -- : Bakery -- Processing order №8...
I, [2019-05-19T23:22:33.261642 #10308]  INFO -- : Bakery -- Error at order №8: perhaps wrong amount data
I, [2019-05-19T23:22:33.264255 #10308]  INFO -- : Bakery -- End processing
I, [2019-05-19T23:24:20.898898 #7812]  INFO -- : Bakery -- Start processing
I, [2019-05-19T23:24:20.899607 #7812]  INFO -- : Bakery -- Processing order №1...
I, [2019-05-19T23:24:20.904530 #7812]  INFO -- : Bakery -- Order №1 has been processed successfully!
I, [2019-05-19T23:24:20.905675 #7812]  INFO -- : Bakery -- Processing order №2...
I, [2019-05-19T23:24:20.911608 #7812]  INFO -- : Bakery -- Order №2 has been processed successfully!
I, [2019-05-19T23:24:20.912811 #7812]  INFO -- : Bakery -- Processing order №3...
I, [2019-05-19T23:24:20.917644 #7812]  INFO -- : Bakery -- Order №3 has been processed successfully!
I, [2019-05-19T23:24:20.918808 #7812]  INFO -- : Bakery -- Processing order №4...
I, [2019-05-19T23:24:20.922128 #7812]  INFO -- : Bakery -- Order №4 has been processed successfully!
I, [2019-05-19T23:24:20.923143 #7812]  INFO -- : Bakery -- Processing order №5...
I, [2019-05-19T23:24:20.933742 #7812]  INFO -- : Bakery -- Order №5 has been processed successfully!
I, [2019-05-19T23:24:20.935709 #7812]  INFO -- : Bakery -- Processing order №6...
I, [2019-05-19T23:24:20.936808 #7812]  INFO -- : Bakery -- Error at order №6: perhaps no specified product ID
I, [2019-05-19T23:24:20.937819 #7812]  INFO -- : Bakery -- Processing order №7...
I, [2019-05-19T23:24:20.938900 #7812]  INFO -- : Bakery -- Error at order №7: perhaps wrong amount data
I, [2019-05-19T23:24:20.939920 #7812]  INFO -- : Bakery -- Processing order №8...
I, [2019-05-19T23:26:39.128813 #10068]  INFO -- : Bakery -- Start processing
I, [2019-05-19T23:26:39.129404 #10068]  INFO -- : Bakery -- Processing order №1...
I, [2019-05-19T23:26:39.131468 #10068]  INFO -- : Bakery -- Order №1 has been processed successfully!
I, [2019-05-19T23:26:39.132638 #10068]  INFO -- : Bakery -- Processing order №2...
I, [2019-05-19T23:26:39.136998 #10068]  INFO -- : Bakery -- Order №2 has been processed successfully!
I, [2019-05-19T23:26:39.139787 #10068]  INFO -- : Bakery -- Processing order №3...
I, [2019-05-19T23:26:39.146247 #10068]  INFO -- : Bakery -- Order №3 has been processed successfully!
I, [2019-05-19T23:26:39.147262 #10068]  INFO -- : Bakery -- Processing order №4...
I, [2019-05-19T23:26:39.150566 #10068]  INFO -- : Bakery -- Order №4 has been processed successfully!
I, [2019-05-19T23:26:39.151581 #10068]  INFO -- : Bakery -- Processing order №5...
I, [2019-05-19T23:26:39.162163 #10068]  INFO -- : Bakery -- Order №5 has been processed successfully!
I, [2019-05-19T23:26:39.164241 #10068]  INFO -- : Bakery -- Processing order №6...
I, [2019-05-19T23:26:39.165285 #10068]  INFO -- : Bakery -- Error at order №6: perhaps no specified product ID
I, [2019-05-19T23:26:39.166304 #10068]  INFO -- : Bakery -- Processing order №7...
I, [2019-05-19T23:26:39.167311 #10068]  INFO -- : Bakery -- Error at order №7: perhaps wrong amount data
I, [2019-05-19T23:26:39.168228 #10068]  INFO -- : Bakery -- Processing order №8...
I, [2019-05-19T23:30:14.293689 #6652]  INFO -- : Bakery -- Start processing
I, [2019-05-19T23:30:14.294504 #6652]  INFO -- : Bakery -- Processing order №1...
I, [2019-05-19T23:30:14.300332 #6652]  INFO -- : Bakery -- Order №1 has been processed successfully!
I, [2019-05-19T23:30:14.301390 #6652]  INFO -- : Bakery -- Processing order №2...
I, [2019-05-19T23:30:14.309034 #6652]  INFO -- : Bakery -- Order №2 has been processed successfully!
I, [2019-05-19T23:30:14.310493 #6652]  INFO -- : Bakery -- Processing order №3...
I, [2019-05-19T23:30:14.317075 #6652]  INFO -- : Bakery -- Order №3 has been processed successfully!
I, [2019-05-19T23:30:14.318223 #6652]  INFO -- : Bakery -- Processing order №4...
I, [2019-05-19T23:30:14.322208 #6652]  INFO -- : Bakery -- Order №4 has been processed successfully!
I, [2019-05-19T23:30:14.323628 #6652]  INFO -- : Bakery -- Processing order №5...
I, [2019-05-19T23:30:14.333496 #6652]  INFO -- : Bakery -- Order №5 has been processed successfully!
I, [2019-05-19T23:30:14.334995 #6652]  INFO -- : Bakery -- Processing order №6...
I, [2019-05-19T23:30:14.339277 #6652]  INFO -- : Bakery -- Error at order №6: perhaps no specified product ID
I, [2019-05-19T23:30:14.340675 #6652]  INFO -- : Bakery -- Processing order №7...
I, [2019-05-19T23:30:14.343316 #6652]  INFO -- : Bakery -- Error at order №7: perhaps wrong amount data
I, [2019-05-19T23:30:14.344435 #6652]  INFO -- : Bakery -- Processing order №8...
I, [2019-05-19T23:30:44.838988 #8164]  INFO -- : Bakery -- Start processing
I, [2019-05-19T23:30:44.839667 #8164]  INFO -- : Bakery -- Processing order №1...
I, [2019-05-19T23:30:44.845779 #8164]  INFO -- : Bakery -- Order №1 has been processed successfully!
I, [2019-05-19T23:30:44.846944 #8164]  INFO -- : Bakery -- Processing order №2...
I, [2019-05-19T23:30:44.853998 #8164]  INFO -- : Bakery -- Order №2 has been processed successfully!
I, [2019-05-19T23:30:44.855014 #8164]  INFO -- : Bakery -- Processing order №3...
I, [2019-05-19T23:30:44.861644 #8164]  INFO -- : Bakery -- Order №3 has been processed successfully!
I, [2019-05-19T23:30:44.862952 #8164]  INFO -- : Bakery -- Processing order №4...
I, [2019-05-19T23:30:44.866407 #8164]  INFO -- : Bakery -- Order №4 has been processed successfully!
I, [2019-05-19T23:30:44.867418 #8164]  INFO -- : Bakery -- Processing order №5...
I, [2019-05-19T23:30:44.877604 #8164]  INFO -- : Bakery -- Order №5 has been processed successfully!
I, [2019-05-19T23:30:44.879188 #8164]  INFO -- : Bakery -- Processing order №6...
I, [2019-05-19T23:30:44.882631 #8164]  INFO -- : Bakery -- Error at order №6: perhaps no specified product ID
I, [2019-05-19T23:30:44.884714 #8164]  INFO -- : Bakery -- Processing order №7...
I, [2019-05-19T23:30:44.886544 #8164]  INFO -- : Bakery -- Error at order №7: perhaps wrong amount data
I, [2019-05-19T23:30:44.887509 #8164]  INFO -- : Bakery -- Processing order №8...
I, [2019-05-19T23:36:48.783863 #276]  INFO -- : Bakery -- Start processing
I, [2019-05-19T23:36:48.784758 #276]  INFO -- : Bakery -- Processing order №1...
I, [2019-05-19T23:36:48.790061 #276]  INFO -- : Bakery -- Order №1 has been processed successfully!
I, [2019-05-19T23:36:48.791312 #276]  INFO -- : Bakery -- Processing order №2...
I, [2019-05-19T23:36:48.797886 #276]  INFO -- : Bakery -- Order №2 has been processed successfully!
I, [2019-05-19T23:36:48.799637 #276]  INFO -- : Bakery -- Processing order №3...
I, [2019-05-19T23:36:48.803792 #276]  INFO -- : Bakery -- Order №3 has been processed successfully!
I, [2019-05-19T23:36:48.806142 #276]  INFO -- : Bakery -- Processing order №4...
I, [2019-05-19T23:36:48.808819 #276]  INFO -- : Bakery -- Order №4 has been processed successfully!
I, [2019-05-19T23:36:48.809998 #276]  INFO -- : Bakery -- Processing order №5...
I, [2019-05-19T23:36:48.820072 #276]  INFO -- : Bakery -- Order №5 has been processed successfully!
I, [2019-05-19T23:36:48.821898 #276]  INFO -- : Bakery -- Processing order №6...
I, [2019-05-19T23:36:48.823109 #276]  INFO -- : Bakery -- Error at order №6: perhaps no specified product ID
I, [2019-05-19T23:36:48.825147 #276]  INFO -- : Bakery -- Processing order №7...
I, [2019-05-19T23:36:48.826329 #276]  INFO -- : Bakery -- Error at order №7: perhaps wrong amount data / amount is too big to be processed
I, [2019-05-19T23:36:48.828159 #276]  INFO -- : Bakery -- Processing order №8...
I, [2019-05-19T23:41:15.438895 #7548]  INFO -- : Bakery -- Start processing
I, [2019-05-19T23:41:15.439578 #7548]  INFO -- : Bakery -- Processing order №1...
I, [2019-05-19T23:41:15.444437 #7548]  INFO -- : Bakery -- Order №1 has been processed successfully!
I, [2019-05-19T23:41:15.445560 #7548]  INFO -- : Bakery -- Processing order №2...
I, [2019-05-19T23:41:15.450551 #7548]  INFO -- : Bakery -- Order №2 has been processed successfully!
I, [2019-05-19T23:41:15.451748 #7548]  INFO -- : Bakery -- Processing order №3...
I, [2019-05-19T23:41:15.455823 #7548]  INFO -- : Bakery -- Order №3 has been processed successfully!
I, [2019-05-19T23:41:15.456769 #7548]  INFO -- : Bakery -- Processing order №4...
I, [2019-05-19T23:41:15.458567 #7548]  INFO -- : Bakery -- Order №4 has been processed successfully!
I, [2019-05-19T23:41:15.461144 #7548]  INFO -- : Bakery -- Processing order №5...
I, [2019-05-19T23:41:15.471147 #7548]  INFO -- : Bakery -- Order №5 has been processed successfully!
I, [2019-05-19T23:41:15.473017 #7548]  INFO -- : Bakery -- Processing order №6...
I, [2019-05-19T23:41:15.474106 #7548]  INFO -- : Bakery -- Error at order №6: perhaps no specified product ID
I, [2019-05-19T23:41:15.475273 #7548]  INFO -- : Bakery -- Processing order №7...
I, [2019-05-19T23:41:15.476378 #7548]  INFO -- : Bakery -- Error at order №7: perhaps wrong amount data / amount is too big to be processed
I, [2019-05-19T23:41:15.477492 #7548]  INFO -- : Bakery -- Processing order №8...
I, [2019-05-19T23:53:30.701278 #10776]  INFO -- : Bakery -- Start processing
I, [2019-05-19T23:53:30.701996 #10776]  INFO -- : Bakery -- Processing order №1...
I, [2019-05-19T23:53:30.706637 #10776]  INFO -- : Bakery -- Order №1 has been processed successfully!
I, [2019-05-19T23:53:30.707649 #10776]  INFO -- : Bakery -- Processing order №2...
I, [2019-05-19T23:53:30.712934 #10776]  INFO -- : Bakery -- Order №2 has been processed successfully!
I, [2019-05-19T23:53:30.714099 #10776]  INFO -- : Bakery -- Processing order №3...
I, [2019-05-19T23:53:30.718167 #10776]  INFO -- : Bakery -- Order №3 has been processed successfully!
I, [2019-05-19T23:53:30.719172 #10776]  INFO -- : Bakery -- Processing order №4...
I, [2019-05-19T23:53:30.721210 #10776]  INFO -- : Bakery -- Order №4 has been processed successfully!
I, [2019-05-19T23:53:30.723724 #10776]  INFO -- : Bakery -- Processing order №5...
I, [2019-05-19T23:53:30.729916 #10776]  INFO -- : Bakery -- Order №5 has been processed successfully!
I, [2019-05-19T23:53:30.730977 #10776]  INFO -- : Bakery -- Processing order №6...
I, [2019-05-19T23:53:30.733118 #10776]  INFO -- : Bakery -- Error at order №6: perhaps no specified product ID
I, [2019-05-19T23:53:30.734167 #10776]  INFO -- : Bakery -- Processing order №7...
I, [2019-05-19T23:53:30.735824 #10776]  INFO -- : Bakery -- Error at order №7: perhaps wrong amount data / amount is too big to be processed
I, [2019-05-19T23:53:30.736868 #10776]  INFO -- : Bakery -- Processing order №8...
I, [2019-05-19T23:53:30.741955 #10776]  INFO -- : Bakery -- Error at order №8: perhaps wrong amount data / amount is too big to be processed
I, [2019-05-19T23:53:30.742809 #10776]  INFO -- : Bakery -- End processing
I, [2019-05-19T23:54:04.287651 #7600]  INFO -- : Bakery -- Start processing
I, [2019-05-19T23:54:04.288301 #7600]  INFO -- : Bakery -- Processing order №1...
I, [2019-05-19T23:54:04.292935 #7600]  INFO -- : Bakery -- Order №1 has been processed successfully!
I, [2019-05-19T23:54:04.293945 #7600]  INFO -- : Bakery -- Processing order №2...
I, [2019-05-19T23:54:04.300355 #7600]  INFO -- : Bakery -- Order №2 has been processed successfully!
I, [2019-05-19T23:54:04.301645 #7600]  INFO -- : Bakery -- Processing order №3...
I, [2019-05-19T23:54:04.306448 #7600]  INFO -- : Bakery -- Order №3 has been processed successfully!
I, [2019-05-19T23:54:04.307540 #7600]  INFO -- : Bakery -- Processing order №4...
I, [2019-05-19T23:54:04.310950 #7600]  INFO -- : Bakery -- Order №4 has been processed successfully!
I, [2019-05-19T23:54:04.312847 #7600]  INFO -- : Bakery -- Processing order №5...
I, [2019-05-19T23:54:04.320702 #7600]  INFO -- : Bakery -- Order №5 has been processed successfully!
I, [2019-05-19T23:54:04.322821 #7600]  INFO -- : Bakery -- Processing order №6...
I, [2019-05-19T23:54:04.323864 #7600]  INFO -- : Bakery -- Error at order №6: perhaps no specified product ID
I, [2019-05-19T23:54:04.324890 #7600]  INFO -- : Bakery -- Processing order №7...
I, [2019-05-19T23:54:04.325888 #7600]  INFO -- : Bakery -- Error at order №7: perhaps wrong amount data / amount is too big to be processed
I, [2019-05-19T23:54:04.326821 #7600]  INFO -- : Bakery -- Processing order №8...
I, [2019-05-19T23:54:04.332422 #7600]  INFO -- : Bakery -- Error at order №8: perhaps wrong amount data / amount is too big to be processed
I, [2019-05-19T23:54:04.333031 #7600]  INFO -- : Bakery -- End processing
I, [2019-05-19T23:55:54.678972 #10336]  INFO -- : Bakery -- Start processing
I, [2019-05-19T23:55:54.679628 #10336]  INFO -- : Bakery -- Processing order №1...
I, [2019-05-19T23:55:54.685685 #10336]  INFO -- : Bakery -- Order №1 has been processed successfully!
I, [2019-05-19T23:55:54.686977 #10336]  INFO -- : Bakery -- Processing order №2...
I, [2019-05-19T23:55:54.693954 #10336]  INFO -- : Bakery -- Order №2 has been processed successfully!
I, [2019-05-19T23:55:54.695238 #10336]  INFO -- : Bakery -- Processing order №3...
I, [2019-05-19T23:55:54.700942 #10336]  INFO -- : Bakery -- Order №3 has been processed successfully!
I, [2019-05-19T23:55:54.702492 #10336]  INFO -- : Bakery -- Processing order №4...
I, [2019-05-19T23:55:54.705015 #10336]  INFO -- : Bakery -- Order №4 has been processed successfully!
I, [2019-05-19T23:55:54.706608 #10336]  INFO -- : Bakery -- Processing order №5...
I, [2019-05-19T23:55:54.715590 #10336]  INFO -- : Bakery -- Order №5 has been processed successfully!
I, [2019-05-19T23:55:54.717797 #10336]  INFO -- : Bakery -- Processing order №6...
I, [2019-05-19T23:55:54.720024 #10336]  INFO -- : Bakery -- Error at order №6: perhaps no specified product ID
I, [2019-05-19T23:55:54.721350 #10336]  INFO -- : Bakery -- Processing order №7...
I, [2019-05-19T23:55:54.723221 #10336]  INFO -- : Bakery -- Error at order №7: perhaps wrong amount data / amount is too big to be processed
I, [2019-05-19T23:55:54.724440 #10336]  INFO -- : Bakery -- Processing order №8...
I, [2019-05-19T23:55:54.735964 #10336]  INFO -- : Bakery -- Error at order №8: perhaps wrong amount data / amount is too big to be processed
I, [2019-05-19T23:55:54.736574 #10336]  INFO -- : Bakery -- Processing order №9...
I, [2019-05-19T23:55:54.737734 #10336]  INFO -- : Bakery -- Error at order №9: perhaps wrong amount data / amount is too big to be processed
I, [2019-05-19T23:55:54.739693 #10336]  INFO -- : Bakery -- Processing order №10...
I, [2019-05-19T23:55:54.740791 #10336]  INFO -- : Bakery -- Error at order №10: perhaps wrong amount data / amount is too big to be processed
I, [2019-05-19T23:55:54.742682 #10336]  INFO -- : Bakery -- End processing
